Start testing: Aug 06 09:49 MDT
----------------------------------------------------------
1/12 Testing: ALG-test
1/12 Test: ALG-test
Command: "/home/schmidt/codes/moris/build/projects/ALG/test/bin/ALG-test.exe"
Directory: /home/schmidt/codes/moris/build/projects/ALG/test
"ALG-test" start time: Aug 06 09:49 MDT
Output:
----------------------------------------------------------
===============================================================================
All tests passed (17 assertions in 2 test cases)

<end of output>
Test time =   0.04 sec
----------------------------------------------------------
Test Passed.
"ALG-test" end time: Aug 06 09:49 MDT
"ALG-test" time elapsed: 00:00:00
----------------------------------------------------------

2/12 Testing: COM-test
2/12 Test: COM-test
Command: "/home/schmidt/codes/moris/build/projects/COM/test/bin/COM-test.exe"
Directory: /home/schmidt/codes/moris/build/projects/COM/test
"COM-test" start time: Aug 06 09:49 MDT
Output:
----------------------------------------------------------
===============================================================================
All tests passed (2 assertions in 1 test case)

<end of output>
Test time =   0.04 sec
----------------------------------------------------------
Test Passed.
"COM-test" end time: Aug 06 09:49 MDT
"COM-test" time elapsed: 00:00:00
----------------------------------------------------------

3/12 Testing: DLA-test
3/12 Test: DLA-test
Command: "/home/schmidt/codes/moris/build/projects/DLA/test/bin/DLA-test.exe"
Directory: /home/schmidt/codes/moris/build/projects/DLA/test
"DLA-test" start time: Aug 06 09:49 MDT
Output:
----------------------------------------------------------
===============================================================================
test cases: 9 | 9 passed
assertions: - none -

<end of output>
Test time =   0.04 sec
----------------------------------------------------------
Test Passed.
"DLA-test" end time: Aug 06 09:49 MDT
"DLA-test" time elapsed: 00:00:00
----------------------------------------------------------

4/12 Testing: GEN-test
4/12 Test: GEN-test
Command: "/home/schmidt/codes/moris/build/projects/GEN/test/bin/GEN-test.exe"
Directory: /home/schmidt/codes/moris/build/projects/GEN/test
"GEN-test" start time: Aug 06 09:49 MDT
Output:
----------------------------------------------------------
===============================================================================
No tests ran

<end of output>
Test time =   0.04 sec
----------------------------------------------------------
Test Passed.
"GEN-test" end time: Aug 06 09:49 MDT
"GEN-test" time elapsed: 00:00:00
----------------------------------------------------------

5/12 Testing: IOS-test
5/12 Test: IOS-test
Command: "/home/schmidt/codes/moris/build/projects/IOS/test/bin/IOS-test.exe"
Directory: /home/schmidt/codes/moris/build/projects/IOS/test
"IOS-test" start time: Aug 06 09:49 MDT
Output:
----------------------------------------------------------
An informational severity messageA trace severity messageA debug severity messageAn informational severity messageA warning severity messageAn error severity messageA fatal severity messageA trace severity messageA traceAn informational severity messageAn informationalAn error severity messageAn errorA trace severity messageAn informational severity messageA warning severity message===============================================================================
All tests passed (12 assertions in 4 test cases)

<end of output>
Test time =   0.04 sec
----------------------------------------------------------
Test Passed.
"IOS-test" end time: Aug 06 09:49 MDT
"IOS-test" time elapsed: 00:00:00
----------------------------------------------------------

6/12 Testing: MOD-test
6/12 Test: MOD-test
Command: "/home/schmidt/codes/moris/build/projects/MOD/test/bin/MOD-test.exe"
Directory: /home/schmidt/codes/moris/build/projects/MOD/test
"MOD-test" start time: Aug 06 09:49 MDT
Output:
----------------------------------------------------------
===============================================================================
test cases: 2 | 2 passed
assertions: - none -

<end of output>
Test time =   0.04 sec
----------------------------------------------------------
Test Passed.
"MOD-test" end time: Aug 06 09:49 MDT
"MOD-test" time elapsed: 00:00:00
----------------------------------------------------------

Unable to find executable: /home/schmidt/codes/moris/build/projects/FEM/MSI/test/bin/MSI-test.exe
7/12 Testing: MSI-test
7/12 Test: MSI-test
Command: ""
Directory: /home/schmidt/codes/moris/build/projects/FEM/MSI/test
"MSI-test" start time: 
Output:
----------------------------------------------------------
<end of output>
Test time =   0.00 sec
----------------------------------------------------------
Test Passed.
"MSI-test" end time: Aug 06 09:49 MDT
"MSI-test" time elapsed: 00:00:00
----------------------------------------------------------

8/12 Testing: ASR-test
8/12 Test: ASR-test
Command: "/home/schmidt/codes/moris/build/projects/MRS/ASR/test/bin/ASR-test.exe"
Directory: /home/schmidt/codes/moris/build/projects/MRS/ASR/test
"ASR-test" start time: Aug 06 09:49 MDT
Output:
----------------------------------------------------------
===============================================================================
test cases: 1 | 1 passed
assertions: - none -

<end of output>
Test time =   0.06 sec
----------------------------------------------------------
Test Passed.
"ASR-test" end time: Aug 06 09:49 MDT
"ASR-test" time elapsed: 00:00:00
----------------------------------------------------------

9/12 Testing: CHR-test
9/12 Test: CHR-test
Command: "/home/schmidt/codes/moris/build/projects/MRS/CHR/test/bin/CHR-test.exe"
Directory: /home/schmidt/codes/moris/build/projects/MRS/CHR/test
"CHR-test" start time: Aug 06 09:49 MDT
Output:
----------------------------------------------------------

0%   10   20   30   40   50   60   70   80   90   100%
|----|----|----|----|----|----|----|----|----|----|
***************************************************
===============================================================================
All tests passed (57 assertions in 2 test cases)

<end of output>
Test time =   2.65 sec
----------------------------------------------------------
Test Passed.
"CHR-test" end time: Aug 06 09:49 MDT
"CHR-test" time elapsed: 00:00:02
----------------------------------------------------------

10/12 Testing: CON-test
10/12 Test: CON-test
Command: "/home/schmidt/codes/moris/build/projects/MRS/CON/test/bin/CON-test.exe"
Directory: /home/schmidt/codes/moris/build/projects/MRS/CON/test
"CON-test" start time: Aug 06 09:49 MDT
Output:
----------------------------------------------------------
===============================================================================
All tests passed (52 assertions in 5 test cases)

<end of output>
Test time =   0.06 sec
----------------------------------------------------------
Test Passed.
"CON-test" end time: Aug 06 09:49 MDT
"CON-test" time elapsed: 00:00:00
----------------------------------------------------------

11/12 Testing: EXC-test
11/12 Test: EXC-test
Command: "/home/schmidt/codes/moris/build/projects/MRS/EXC/test/bin/EXC-test.exe"
Directory: /home/schmidt/codes/moris/build/projects/MRS/EXC/test
"EXC-test" start time: Aug 06 09:49 MDT
Output:
----------------------------------------------------------
===============================================================================
All tests passed (6 assertions in 3 test cases)

<end of output>
Test time =   0.05 sec
----------------------------------------------------------
Test Passed.
"EXC-test" end time: Aug 06 09:49 MDT
"EXC-test" time elapsed: 00:00:00
----------------------------------------------------------

12/12 Testing: LNA-test
12/12 Test: LNA-test
Command: "/home/schmidt/codes/moris/build/projects/LNA/test/bin/LNA-test.exe"
Directory: /home/schmidt/codes/moris/build/projects/LNA/test
"LNA-test" start time: Aug 06 09:49 MDT
Output:
----------------------------------------------------------

error: Mat::operator(): index out of bounds

error: Mat::operator(): index out of bounds

error: Mat::operator(): index out of bounds

error: Mat::operator(): index out of bounds

error: Mat::operator(): index out of bounds

error: Mat::operator(): index out of bounds

error: Mat::operator(): index out of bounds
===============================================================================
All tests passed (1201 assertions in 48 test cases)

<end of output>
Test time =   0.17 sec
----------------------------------------------------------
Test Passed.
"LNA-test" end time: Aug 06 09:49 MDT
"LNA-test" time elapsed: 00:00:00
----------------------------------------------------------

End testing: Aug 06 09:49 MDT
